0 info it worked if it ends with ok
1 verbose cli [ 'C:\\Program Files\\nodejs\\node.exe',
1 verbose cli   'C:\\Program Files\\nodejs\\node_modules\\npm\\bin\\npm-cli.js',
1 verbose cli   'run',
1 verbose cli   'watch' ]
2 info using npm@4.0.5
3 info using node@v7.4.0
4 verbose run-script [ 'prewatch', 'watch', 'postwatch' ]
5 info lifecycle spa-boot-demo@1.0.0~prewatch: spa-boot-demo@1.0.0
6 silly lifecycle spa-boot-demo@1.0.0~prewatch: no script for prewatch, continuing
7 info lifecycle spa-boot-demo@1.0.0~watch: spa-boot-demo@1.0.0
8 verbose lifecycle spa-boot-demo@1.0.0~watch: unsafe-perm in lifecycle true
9 verbose lifecycle spa-boot-demo@1.0.0~watch: PATH: C:\Program Files\nodejs\node_modules\npm\bin\node-gyp-bin;C:\Users\sb018195\Documents\presentation-demos\spa-boot-demo\node_modules\.bin;C:\Program Files\Docker\Docker\Resources\bin;C:\ProgramData\Oracle\Java\javapath;C:\windows\system32;C:\windows;C:\windows\System32\Wbem;C:\windows\System32\WindowsPowerShell\v1.0\;C:\Program Files\Git\cmd;C:\Program Files\Java\jdk1.8.0_112\bin;C:\Program Files\apache-maven-3.3.9\bin;C:\Program Files\Cloud Foundry;C:\Program Files\nodejs\;C:\Users\sb018195\AppData\Local\Programs\Python\Python36-32\Scripts\;C:\Users\sb018195\AppData\Local\Programs\Python\Python36-32\;C:\Users\sb018195\AppData\Local\Microsoft\WindowsApps;C:\Users\sb018195\AppData\Roaming\npm;C:\Program Files (x86)\Microsoft VS Code\bin;C:\Users\sb018195\AppData\Roaming\Python\Python36\Scripts
10 verbose lifecycle spa-boot-demo@1.0.0~watch: CWD: C:\Users\sb018195\Documents\presentation-demos\spa-boot-demo
11 silly lifecycle spa-boot-demo@1.0.0~watch: Args: [ '/d /s /c', 'nodemon --exec  npm run bundle --watch js -L' ]
12 silly lifecycle spa-boot-demo@1.0.0~watch: Returned: code: 3221225786  signal: null
13 info lifecycle spa-boot-demo@1.0.0~watch: Failed to exec watch script
14 verbose stack Error: spa-boot-demo@1.0.0 watch: `nodemon --exec  npm run bundle --watch js -L`
14 verbose stack Exit status 3221225786
14 verbose stack     at EventEmitter.<anonymous> (C:\Program Files\nodejs\node_modules\npm\lib\utils\lifecycle.js:279:16)
14 verbose stack     at emitTwo (events.js:106:13)
14 verbose stack     at EventEmitter.emit (events.js:191:7)
14 verbose stack     at ChildProcess.<anonymous> (C:\Program Files\nodejs\node_modules\npm\lib\utils\spawn.js:40:14)
14 verbose stack     at emitTwo (events.js:106:13)
14 verbose stack     at ChildProcess.emit (events.js:191:7)
14 verbose stack     at maybeClose (internal/child_process.js:885:16)
14 verbose stack     at Process.ChildProcess._handle.onexit (internal/child_process.js:226:5)
15 verbose pkgid spa-boot-demo@1.0.0
16 verbose cwd C:\Users\sb018195\Documents\presentation-demos\spa-boot-demo
17 error Windows_NT 10.0.14393
18 error argv "C:\\Program Files\\nodejs\\node.exe" "C:\\Program Files\\nodejs\\node_modules\\npm\\bin\\npm-cli.js" "run" "watch"
19 error node v7.4.0
20 error npm  v4.0.5
21 error code ELIFECYCLE
22 error spa-boot-demo@1.0.0 watch: `nodemon --exec  npm run bundle --watch js -L`
22 error Exit status 3221225786
23 error Failed at the spa-boot-demo@1.0.0 watch script 'nodemon --exec  npm run bundle --watch js -L'.
23 error Make sure you have the latest version of node.js and npm installed.
23 error If you do, this is most likely a problem with the spa-boot-demo package,
23 error not with npm itself.
23 error Tell the author that this fails on your system:
23 error     nodemon --exec  npm run bundle --watch js -L
23 error You can get information on how to open an issue for this project with:
23 error     npm bugs spa-boot-demo
23 error Or if that isn't available, you can get their info via:
23 error     npm owner ls spa-boot-demo
23 error There is likely additional logging output above.
24 verbose exit [ 1, true ]
